[2025-02-14T16:59:05.328+0000] {local_task_job_runner.py:123} INFO - ::group::Pre task execution logs
[2025-02-14T16:59:05.340+0000] {taskinstance.py:2613} INFO - Dependencies all met for dep_context=non-requeueable deps ti=<TaskInstance: web_to_snowflake.transform_sec_data manual__2025-02-14T16:56:54.087305+00:00 [queued]>
[2025-02-14T16:59:05.346+0000] {taskinstance.py:2613} INFO - Dependencies all met for dep_context=requeueable deps ti=<TaskInstance: web_to_snowflake.transform_sec_data manual__2025-02-14T16:56:54.087305+00:00 [queued]>
[2025-02-14T16:59:05.346+0000] {taskinstance.py:2866} INFO - Starting attempt 1 of 1
[2025-02-14T16:59:05.354+0000] {taskinstance.py:2889} INFO - Executing <Task(PythonOperator): transform_sec_data> on 2025-02-14 16:56:54.087305+00:00
[2025-02-14T16:59:05.365+0000] {warnings.py:112} WARNING - /home/***/.local/lib/python3.12/site-packages/***/task/task_runner/standard_task_runner.py:70: DeprecationWarning: This process (pid=2323) is multi-threaded, use of fork() may lead to deadlocks in the child.
  pid = os.fork()

[2025-02-14T16:59:05.369+0000] {standard_task_runner.py:72} INFO - Started process 2324 to run task
[2025-02-14T16:59:05.367+0000] {standard_task_runner.py:104} INFO - Running: ['***', 'tasks', 'run', 'web_to_snowflake', 'transform_sec_data', 'manual__2025-02-14T16:56:54.087305+00:00', '--job-id', '201', '--raw', '--subdir', 'DAGS_FOLDER/web_to_snowflake.py', '--cfg-path', '/tmp/tmphf9tx3yr']
[2025-02-14T16:59:05.381+0000] {standard_task_runner.py:105} INFO - Job 201: Subtask transform_sec_data
[2025-02-14T16:59:05.512+0000] {task_command.py:467} INFO - Running <TaskInstance: web_to_snowflake.transform_sec_data manual__2025-02-14T16:56:54.087305+00:00 [running]> on host 715f5b9093d1
[2025-02-14T16:59:05.602+0000] {taskinstance.py:3132} INFO - Exporting env vars: AIRFLOW_CTX_DAG_OWNER='***' AIRFLOW_CTX_DAG_ID='web_to_snowflake' AIRFLOW_CTX_TASK_ID='transform_sec_data' AIRFLOW_CTX_EXECUTION_DATE='2025-02-14T16:56:54.087305+00:00' AIRFLOW_CTX_TRY_NUMBER='1' AIRFLOW_CTX_DAG_RUN_ID='manual__2025-02-14T16:56:54.087305+00:00'
[2025-02-14T16:59:05.605+0000] {taskinstance.py:731} INFO - ::endgroup::
[2025-02-14T16:59:05.631+0000] {base.py:84} INFO - Retrieving connection 'aws_default'
[2025-02-14T16:59:05.632+0000] {connection_wrapper.py:325} INFO - AWS Connection (conn_id='aws_default', conn_type='aws') credentials retrieved from login and password.
[2025-02-14T16:59:06.857+0000] {transform_sec_data.py:47} INFO - Processing num.txt from 2009q1...
[2025-02-14T16:59:06.873+0000] {base.py:84} INFO - Retrieving connection 'aws_default'
[2025-02-14T16:59:06.874+0000] {connection_wrapper.py:325} INFO - AWS Connection (conn_id='aws_default', conn_type='aws') credentials retrieved from login and password.
[2025-02-14T16:59:08.258+0000] {transform_sec_data.py:72} INFO - ✅ Transformed and uploaded: sec-transformed-files/2009q1/num.csv
[2025-02-14T16:59:08.260+0000] {transform_sec_data.py:47} INFO - Processing pre.txt from 2009q1...
[2025-02-14T16:59:08.273+0000] {base.py:84} INFO - Retrieving connection 'aws_default'
[2025-02-14T16:59:08.274+0000] {connection_wrapper.py:325} INFO - AWS Connection (conn_id='aws_default', conn_type='aws') credentials retrieved from login and password.
[2025-02-14T16:59:09.526+0000] {hook.py:208} WARNING - Data lineage tracking is disabled. Register a hook lineage reader to start tracking hook lineage.
[2025-02-14T16:59:09.527+0000] {transform_sec_data.py:72} INFO - ✅ Transformed and uploaded: sec-transformed-files/2009q1/pre.csv
[2025-02-14T16:59:09.532+0000] {transform_sec_data.py:47} INFO - Processing sub.txt from 2009q1...
[2025-02-14T16:59:09.543+0000] {base.py:84} INFO - Retrieving connection 'aws_default'
[2025-02-14T16:59:09.544+0000] {connection_wrapper.py:325} INFO - AWS Connection (conn_id='aws_default', conn_type='aws') credentials retrieved from login and password.
[2025-02-14T16:59:11.690+0000] {hook.py:208} WARNING - Data lineage tracking is disabled. Register a hook lineage reader to start tracking hook lineage.
[2025-02-14T16:59:11.693+0000] {transform_sec_data.py:72} INFO - ✅ Transformed and uploaded: sec-transformed-files/2009q1/sub.csv
[2025-02-14T16:59:11.693+0000] {transform_sec_data.py:47} INFO - Processing tag.txt from 2009q1...
[2025-02-14T16:59:11.725+0000] {base.py:84} INFO - Retrieving connection 'aws_default'
[2025-02-14T16:59:11.725+0000] {connection_wrapper.py:325} INFO - AWS Connection (conn_id='aws_default', conn_type='aws') credentials retrieved from login and password.
[2025-02-14T16:59:13.154+0000] {hook.py:208} WARNING - Data lineage tracking is disabled. Register a hook lineage reader to start tracking hook lineage.
[2025-02-14T16:59:13.156+0000] {transform_sec_data.py:72} INFO - ✅ Transformed and uploaded: sec-transformed-files/2009q1/tag.csv
[2025-02-14T16:59:13.162+0000] {transform_sec_data.py:47} INFO - Processing num.txt from 2009q2...
[2025-02-14T16:59:13.173+0000] {base.py:84} INFO - Retrieving connection 'aws_default'
[2025-02-14T16:59:13.173+0000] {connection_wrapper.py:325} INFO - AWS Connection (conn_id='aws_default', conn_type='aws') credentials retrieved from login and password.
[2025-02-14T16:59:15.213+0000] {hook.py:208} WARNING - Data lineage tracking is disabled. Register a hook lineage reader to start tracking hook lineage.
[2025-02-14T16:59:15.217+0000] {transform_sec_data.py:72} INFO - ✅ Transformed and uploaded: sec-transformed-files/2009q2/num.csv
[2025-02-14T16:59:15.252+0000] {transform_sec_data.py:47} INFO - Processing pre.txt from 2009q2...
[2025-02-14T16:59:15.273+0000] {base.py:84} INFO - Retrieving connection 'aws_default'
[2025-02-14T16:59:15.274+0000] {connection_wrapper.py:325} INFO - AWS Connection (conn_id='aws_default', conn_type='aws') credentials retrieved from login and password.
[2025-02-14T16:59:17.614+0000] {hook.py:208} WARNING - Data lineage tracking is disabled. Register a hook lineage reader to start tracking hook lineage.
[2025-02-14T16:59:17.670+0000] {transform_sec_data.py:72} INFO - ✅ Transformed and uploaded: sec-transformed-files/2009q2/pre.csv
[2025-02-14T16:59:17.910+0000] {transform_sec_data.py:47} INFO - Processing sub.txt from 2009q2...
[2025-02-14T16:59:17.979+0000] {base.py:84} INFO - Retrieving connection 'aws_default'
[2025-02-14T16:59:17.980+0000] {connection_wrapper.py:325} INFO - AWS Connection (conn_id='aws_default', conn_type='aws') credentials retrieved from login and password.
[2025-02-14T16:59:19.627+0000] {hook.py:208} WARNING - Data lineage tracking is disabled. Register a hook lineage reader to start tracking hook lineage.
[2025-02-14T16:59:19.660+0000] {transform_sec_data.py:72} INFO - ✅ Transformed and uploaded: sec-transformed-files/2009q2/sub.csv
[2025-02-14T16:59:19.710+0000] {transform_sec_data.py:47} INFO - Processing tag.txt from 2009q2...
[2025-02-14T16:59:19.804+0000] {base.py:84} INFO - Retrieving connection 'aws_default'
[2025-02-14T16:59:19.808+0000] {connection_wrapper.py:325} INFO - AWS Connection (conn_id='aws_default', conn_type='aws') credentials retrieved from login and password.
[2025-02-14T16:59:22.916+0000] {hook.py:208} WARNING - Data lineage tracking is disabled. Register a hook lineage reader to start tracking hook lineage.
[2025-02-14T16:59:22.942+0000] {transform_sec_data.py:72} INFO - ✅ Transformed and uploaded: sec-transformed-files/2009q2/tag.csv
[2025-02-14T16:59:23.036+0000] {transform_sec_data.py:47} INFO - Processing num.txt from 2009q3...
[2025-02-14T16:59:23.157+0000] {base.py:84} INFO - Retrieving connection 'aws_default'
[2025-02-14T16:59:23.161+0000] {connection_wrapper.py:325} INFO - AWS Connection (conn_id='aws_default', conn_type='aws') credentials retrieved from login and password.
[2025-02-14T16:59:32.852+0000] {hook.py:208} WARNING - Data lineage tracking is disabled. Register a hook lineage reader to start tracking hook lineage.
[2025-02-14T16:59:32.866+0000] {transform_sec_data.py:72} INFO - ✅ Transformed and uploaded: sec-transformed-files/2009q3/num.csv
[2025-02-14T16:59:32.943+0000] {transform_sec_data.py:47} INFO - Processing pre.txt from 2009q3...
[2025-02-14T16:59:32.965+0000] {base.py:84} INFO - Retrieving connection 'aws_default'
[2025-02-14T16:59:32.966+0000] {connection_wrapper.py:325} INFO - AWS Connection (conn_id='aws_default', conn_type='aws') credentials retrieved from login and password.
[2025-02-14T16:59:39.160+0000] {hook.py:208} WARNING - Data lineage tracking is disabled. Register a hook lineage reader to start tracking hook lineage.
[2025-02-14T16:59:39.170+0000] {transform_sec_data.py:72} INFO - ✅ Transformed and uploaded: sec-transformed-files/2009q3/pre.csv
[2025-02-14T16:59:39.248+0000] {transform_sec_data.py:47} INFO - Processing sub.txt from 2009q3...
[2025-02-14T16:59:39.290+0000] {base.py:84} INFO - Retrieving connection 'aws_default'
[2025-02-14T16:59:39.291+0000] {connection_wrapper.py:325} INFO - AWS Connection (conn_id='aws_default', conn_type='aws') credentials retrieved from login and password.
[2025-02-14T16:59:41.504+0000] {hook.py:208} WARNING - Data lineage tracking is disabled. Register a hook lineage reader to start tracking hook lineage.
[2025-02-14T16:59:41.507+0000] {transform_sec_data.py:72} INFO - ✅ Transformed and uploaded: sec-transformed-files/2009q3/sub.csv
[2025-02-14T16:59:41.538+0000] {transform_sec_data.py:47} INFO - Processing tag.txt from 2009q3...
[2025-02-14T16:59:41.557+0000] {base.py:84} INFO - Retrieving connection 'aws_default'
[2025-02-14T16:59:41.558+0000] {connection_wrapper.py:325} INFO - AWS Connection (conn_id='aws_default', conn_type='aws') credentials retrieved from login and password.
[2025-02-14T16:59:46.208+0000] {hook.py:208} WARNING - Data lineage tracking is disabled. Register a hook lineage reader to start tracking hook lineage.
[2025-02-14T16:59:46.213+0000] {transform_sec_data.py:72} INFO - ✅ Transformed and uploaded: sec-transformed-files/2009q3/tag.csv
[2025-02-14T16:59:46.271+0000] {transform_sec_data.py:47} INFO - Processing num.txt from 2009q4...
[2025-02-14T16:59:46.296+0000] {base.py:84} INFO - Retrieving connection 'aws_default'
[2025-02-14T16:59:46.297+0000] {connection_wrapper.py:325} INFO - AWS Connection (conn_id='aws_default', conn_type='aws') credentials retrieved from login and password.
[2025-02-14T16:59:53.884+0000] {hook.py:208} WARNING - Data lineage tracking is disabled. Register a hook lineage reader to start tracking hook lineage.
[2025-02-14T16:59:53.890+0000] {transform_sec_data.py:72} INFO - ✅ Transformed and uploaded: sec-transformed-files/2009q4/num.csv
[2025-02-14T16:59:54.019+0000] {transform_sec_data.py:47} INFO - Processing pre.txt from 2009q4...
[2025-02-14T16:59:54.092+0000] {base.py:84} INFO - Retrieving connection 'aws_default'
[2025-02-14T16:59:54.095+0000] {connection_wrapper.py:325} INFO - AWS Connection (conn_id='aws_default', conn_type='aws') credentials retrieved from login and password.
[2025-02-14T17:00:00.494+0000] {hook.py:208} WARNING - Data lineage tracking is disabled. Register a hook lineage reader to start tracking hook lineage.
[2025-02-14T17:00:00.522+0000] {transform_sec_data.py:72} INFO - ✅ Transformed and uploaded: sec-transformed-files/2009q4/pre.csv
[2025-02-14T17:00:00.632+0000] {transform_sec_data.py:47} INFO - Processing sub.txt from 2009q4...
[2025-02-14T17:00:00.674+0000] {base.py:84} INFO - Retrieving connection 'aws_default'
[2025-02-14T17:00:00.675+0000] {connection_wrapper.py:325} INFO - AWS Connection (conn_id='aws_default', conn_type='aws') credentials retrieved from login and password.
[2025-02-14T17:00:04.992+0000] {hook.py:208} WARNING - Data lineage tracking is disabled. Register a hook lineage reader to start tracking hook lineage.
[2025-02-14T17:00:05.017+0000] {transform_sec_data.py:72} INFO - ✅ Transformed and uploaded: sec-transformed-files/2009q4/sub.csv
[2025-02-14T17:00:05.173+0000] {transform_sec_data.py:47} INFO - Processing tag.txt from 2009q4...
[2025-02-14T17:00:05.327+0000] {base.py:84} INFO - Retrieving connection 'aws_default'
[2025-02-14T17:00:05.334+0000] {connection_wrapper.py:325} INFO - AWS Connection (conn_id='aws_default', conn_type='aws') credentials retrieved from login and password.
[2025-02-14T17:00:13.172+0000] {hook.py:208} WARNING - Data lineage tracking is disabled. Register a hook lineage reader to start tracking hook lineage.
[2025-02-14T17:00:13.196+0000] {transform_sec_data.py:72} INFO - ✅ Transformed and uploaded: sec-transformed-files/2009q4/tag.csv
[2025-02-14T17:00:13.283+0000] {transform_sec_data.py:47} INFO - Processing num.txt from 2010q1...
[2025-02-14T17:00:13.344+0000] {base.py:84} INFO - Retrieving connection 'aws_default'
[2025-02-14T17:00:13.345+0000] {connection_wrapper.py:325} INFO - AWS Connection (conn_id='aws_default', conn_type='aws') credentials retrieved from login and password.
[2025-02-14T17:00:22.596+0000] {hook.py:208} WARNING - Data lineage tracking is disabled. Register a hook lineage reader to start tracking hook lineage.
[2025-02-14T17:00:22.601+0000] {transform_sec_data.py:72} INFO - ✅ Transformed and uploaded: sec-transformed-files/2010q1/num.csv
[2025-02-14T17:00:22.717+0000] {transform_sec_data.py:47} INFO - Processing pre.txt from 2010q1...
[2025-02-14T17:00:22.755+0000] {base.py:84} INFO - Retrieving connection 'aws_default'
[2025-02-14T17:00:22.756+0000] {connection_wrapper.py:325} INFO - AWS Connection (conn_id='aws_default', conn_type='aws') credentials retrieved from login and password.
[2025-02-14T17:00:29.497+0000] {hook.py:208} WARNING - Data lineage tracking is disabled. Register a hook lineage reader to start tracking hook lineage.
[2025-02-14T17:00:29.506+0000] {transform_sec_data.py:72} INFO - ✅ Transformed and uploaded: sec-transformed-files/2010q1/pre.csv
[2025-02-14T17:00:29.630+0000] {transform_sec_data.py:47} INFO - Processing sub.txt from 2010q1...
[2025-02-14T17:00:29.672+0000] {base.py:84} INFO - Retrieving connection 'aws_default'
[2025-02-14T17:00:29.675+0000] {connection_wrapper.py:325} INFO - AWS Connection (conn_id='aws_default', conn_type='aws') credentials retrieved from login and password.
[2025-02-14T17:00:32.313+0000] {hook.py:208} WARNING - Data lineage tracking is disabled. Register a hook lineage reader to start tracking hook lineage.
[2025-02-14T17:00:32.317+0000] {transform_sec_data.py:72} INFO - ✅ Transformed and uploaded: sec-transformed-files/2010q1/sub.csv
[2025-02-14T17:00:32.276+0000] {local_task_job_runner.py:346} WARNING - State of this instance has been externally set to failed. Terminating instance.
[2025-02-14T17:00:32.322+0000] {local_task_job_runner.py:245} INFO - ::endgroup::
[2025-02-14T17:00:32.327+0000] {process_utils.py:132} INFO - Sending 15 to group 2324. PIDs of all processes in the group: [2324]
[2025-02-14T17:00:32.330+0000] {process_utils.py:87} INFO - Sending the signal 15 to group 2324
[2025-02-14T17:00:32.340+0000] {taskinstance.py:3093} ERROR - Received SIGTERM. Terminating subprocesses.
[2025-02-14T17:00:32.399+0000] {taskinstance.py:340} INFO - ::group::Post task execution logs
[2025-02-14T17:00:32.470+0000] {process_utils.py:80} INFO - Process psutil.Process(pid=2324, status='terminated', exitcode=0, started='16:59:05') (2324) terminated with exit code 0
