[2025-02-14T18:08:00.493+0000] {local_task_job_runner.py:123} INFO - ::group::Pre task execution logs
[2025-02-14T18:08:00.503+0000] {taskinstance.py:2613} INFO - Dependencies all met for dep_context=non-requeueable deps ti=<TaskInstance: web_to_snowflake.scrape_finance_data manual__2025-02-14T18:07:47.799654+00:00 [queued]>
[2025-02-14T18:08:00.508+0000] {taskinstance.py:2613} INFO - Dependencies all met for dep_context=requeueable deps ti=<TaskInstance: web_to_snowflake.scrape_finance_data manual__2025-02-14T18:07:47.799654+00:00 [queued]>
[2025-02-14T18:08:00.508+0000] {taskinstance.py:2866} INFO - Starting attempt 1 of 1
[2025-02-14T18:08:00.515+0000] {taskinstance.py:2889} INFO - Executing <Task(PythonOperator): scrape_finance_data> on 2025-02-14 18:07:47.799654+00:00
[2025-02-14T18:08:00.524+0000] {warnings.py:112} WARNING - /home/***/.local/lib/python3.12/site-packages/***/task/task_runner/standard_task_runner.py:70: DeprecationWarning: This process (pid=3084) is multi-threaded, use of fork() may lead to deadlocks in the child.
  pid = os.fork()

[2025-02-14T18:08:00.526+0000] {standard_task_runner.py:72} INFO - Started process 3085 to run task
[2025-02-14T18:08:00.526+0000] {standard_task_runner.py:104} INFO - Running: ['***', 'tasks', 'run', 'web_to_snowflake', 'scrape_finance_data', 'manual__2025-02-14T18:07:47.799654+00:00', '--job-id', '218', '--raw', '--subdir', 'DAGS_FOLDER/web_to_snowflake.py', '--cfg-path', '/tmp/tmptr11qrv0']
[2025-02-14T18:08:00.529+0000] {standard_task_runner.py:105} INFO - Job 218: Subtask scrape_finance_data
[2025-02-14T18:08:00.578+0000] {task_command.py:467} INFO - Running <TaskInstance: web_to_snowflake.scrape_finance_data manual__2025-02-14T18:07:47.799654+00:00 [running]> on host 715f5b9093d1
[2025-02-14T18:08:00.640+0000] {taskinstance.py:3132} INFO - Exporting env vars: AIRFLOW_CTX_DAG_OWNER='***' AIRFLOW_CTX_DAG_ID='web_to_snowflake' AIRFLOW_CTX_TASK_ID='scrape_finance_data' AIRFLOW_CTX_EXECUTION_DATE='2025-02-14T18:07:47.799654+00:00' AIRFLOW_CTX_TRY_NUMBER='1' AIRFLOW_CTX_DAG_RUN_ID='manual__2025-02-14T18:07:47.799654+00:00'
[2025-02-14T18:08:00.642+0000] {taskinstance.py:731} INFO - ::endgroup::
[2025-02-14T18:08:06.160+0000] {base.py:84} INFO - Retrieving connection 'aws_default'
[2025-02-14T18:08:06.164+0000] {connection_wrapper.py:325} INFO - AWS Connection (conn_id='aws_default', conn_type='aws') credentials retrieved from login and password.
[2025-02-14T18:08:09.189+0000] {logging_mixin.py:190} INFO - Uploaded 2016q4/sub.txt to S3 bucket assignment2bigdatasystemss
[2025-02-14T18:08:09.853+0000] {base.py:84} INFO - Retrieving connection 'aws_default'
[2025-02-14T18:08:09.854+0000] {connection_wrapper.py:325} INFO - AWS Connection (conn_id='aws_default', conn_type='aws') credentials retrieved from login and password.
[2025-02-14T18:08:28.276+0000] {logging_mixin.py:190} INFO - Uploaded 2016q4/pre.txt to S3 bucket assignment2bigdatasystemss
[2025-02-14T18:08:33.977+0000] {base.py:84} INFO - Retrieving connection 'aws_default'
[2025-02-14T18:08:33.983+0000] {connection_wrapper.py:325} INFO - AWS Connection (conn_id='aws_default', conn_type='aws') credentials retrieved from login and password.
[2025-02-14T18:09:49.368+0000] {logging_mixin.py:190} INFO - Uploaded 2016q4/num.txt to S3 bucket assignment2bigdatasystemss
[2025-02-14T18:09:49.524+0000] {base.py:84} INFO - Retrieving connection 'aws_default'
[2025-02-14T18:09:49.525+0000] {connection_wrapper.py:325} INFO - AWS Connection (conn_id='aws_default', conn_type='aws') credentials retrieved from login and password.
[2025-02-14T18:09:54.935+0000] {logging_mixin.py:190} INFO - Uploaded 2016q4/tag.txt to S3 bucket assignment2bigdatasystemss
[2025-02-14T18:09:54.958+0000] {base.py:84} INFO - Retrieving connection 'aws_default'
[2025-02-14T18:09:54.959+0000] {connection_wrapper.py:325} INFO - AWS Connection (conn_id='aws_default', conn_type='aws') credentials retrieved from login and password.
[2025-02-14T18:09:56.033+0000] {logging_mixin.py:190} INFO - Uploaded 2016q4/readme.htm to S3 bucket assignment2bigdatasystemss
[2025-02-14T18:09:56.043+0000] {python.py:240} INFO - Done. Returned value was: None
[2025-02-14T18:09:56.098+0000] {taskinstance.py:340} INFO - ::group::Post task execution logs
[2025-02-14T18:09:56.101+0000] {taskinstance.py:352} INFO - Marking task as SUCCESS. dag_id=web_to_snowflake, task_id=scrape_finance_data, run_id=manual__2025-02-14T18:07:47.799654+00:00, execution_date=20250214T180747, start_date=20250214T180800, end_date=20250214T180956
[2025-02-14T18:09:56.228+0000] {local_task_job_runner.py:266} INFO - Task exited with return code 0
[2025-02-14T18:09:56.318+0000] {taskinstance.py:3895} INFO - 1 downstream tasks scheduled from follow-on schedule check
[2025-02-14T18:09:56.320+0000] {local_task_job_runner.py:245} INFO - ::endgroup::
