[2025-02-14T03:56:09.584+0000] {local_task_job_runner.py:123} INFO - ::group::Pre task execution logs
[2025-02-14T03:56:09.603+0000] {taskinstance.py:2613} INFO - Dependencies all met for dep_context=non-requeueable deps ti=<TaskInstance: web_to_snowflake.scrape_weather_data scheduled__2025-02-13T00:00:00+00:00 [queued]>
[2025-02-14T03:56:09.625+0000] {taskinstance.py:2613} INFO - Dependencies all met for dep_context=requeueable deps ti=<TaskInstance: web_to_snowflake.scrape_weather_data scheduled__2025-02-13T00:00:00+00:00 [queued]>
[2025-02-14T03:56:09.626+0000] {taskinstance.py:2866} INFO - Starting attempt 1 of 2
[2025-02-14T03:56:09.658+0000] {taskinstance.py:2889} INFO - Executing <Task(PythonOperator): scrape_weather_data> on 2025-02-13 00:00:00+00:00
[2025-02-14T03:56:09.673+0000] {warnings.py:112} WARNING - /home/***/.local/lib/python3.12/site-packages/***/task/task_runner/standard_task_runner.py:70: DeprecationWarning: This process (pid=78) is multi-threaded, use of fork() may lead to deadlocks in the child.
  pid = os.fork()

[2025-02-14T03:56:09.678+0000] {standard_task_runner.py:72} INFO - Started process 79 to run task
[2025-02-14T03:56:09.677+0000] {standard_task_runner.py:104} INFO - Running: ['***', 'tasks', 'run', 'web_to_snowflake', 'scrape_weather_data', 'scheduled__2025-02-13T00:00:00+00:00', '--job-id', '69', '--raw', '--subdir', 'DAGS_FOLDER/web_to_snowflake.py', '--cfg-path', '/tmp/tmpr9ymogkw']
[2025-02-14T03:56:09.683+0000] {standard_task_runner.py:105} INFO - Job 69: Subtask scrape_weather_data
[2025-02-14T03:56:09.738+0000] {task_command.py:467} INFO - Running <TaskInstance: web_to_snowflake.scrape_weather_data scheduled__2025-02-13T00:00:00+00:00 [running]> on host 72b71de099bb
[2025-02-14T03:56:09.867+0000] {taskinstance.py:3132} INFO - Exporting env vars: AIRFLOW_CTX_DAG_EMAIL='your-email@example.com' AIRFLOW_CTX_DAG_OWNER='***' AIRFLOW_CTX_DAG_ID='web_to_snowflake' AIRFLOW_CTX_TASK_ID='scrape_weather_data' AIRFLOW_CTX_EXECUTION_DATE='2025-02-13T00:00:00+00:00' AIRFLOW_CTX_TRY_NUMBER='1' AIRFLOW_CTX_DAG_RUN_ID='scheduled__2025-02-13T00:00:00+00:00'
[2025-02-14T03:56:09.869+0000] {taskinstance.py:731} INFO - ::endgroup::
[2025-02-14T03:56:09.904+0000] {logging_mixin.py:190} INFO - Scraped data: {'temperature': 72, 'humidity': 65, 'date': '2025-02-13', 'temperature_celsius': 22.22}
[2025-02-14T03:56:09.906+0000] {python.py:240} INFO - Done. Returned value was: Data scraped successfully
[2025-02-14T03:56:09.942+0000] {taskinstance.py:340} INFO - ::group::Post task execution logs
[2025-02-14T03:56:09.944+0000] {taskinstance.py:352} INFO - Marking task as SUCCESS. dag_id=web_to_snowflake, task_id=scrape_weather_data, run_id=scheduled__2025-02-13T00:00:00+00:00, execution_date=20250213T000000, start_date=20250214T035609, end_date=20250214T035609
[2025-02-14T03:56:09.987+0000] {local_task_job_runner.py:266} INFO - Task exited with return code 0
[2025-02-14T03:56:10.017+0000] {taskinstance.py:3895} INFO - 1 downstream tasks scheduled from follow-on schedule check
[2025-02-14T03:56:10.020+0000] {local_task_job_runner.py:245} INFO - ::endgroup::
