[2025-02-14T16:35:34.648+0000] {local_task_job_runner.py:123} INFO - ::group::Pre task execution logs
[2025-02-14T16:35:34.659+0000] {taskinstance.py:2613} INFO - Dependencies all met for dep_context=non-requeueable deps ti=<TaskInstance: web_to_snowflake.scrape_finance_data manual__2025-02-14T16:35:17.596830+00:00 [queued]>
[2025-02-14T16:35:34.665+0000] {taskinstance.py:2613} INFO - Dependencies all met for dep_context=requeueable deps ti=<TaskInstance: web_to_snowflake.scrape_finance_data manual__2025-02-14T16:35:17.596830+00:00 [queued]>
[2025-02-14T16:35:34.665+0000] {taskinstance.py:2866} INFO - Starting attempt 1 of 1
[2025-02-14T16:35:34.674+0000] {taskinstance.py:2889} INFO - Executing <Task(PythonOperator): scrape_finance_data> on 2025-02-14 16:35:17.596830+00:00
[2025-02-14T16:35:34.683+0000] {warnings.py:112} WARNING - /home/***/.local/lib/python3.12/site-packages/***/task/task_runner/standard_task_runner.py:70: DeprecationWarning: This process (pid=1937) is multi-threaded, use of fork() may lead to deadlocks in the child.
  pid = os.fork()

[2025-02-14T16:35:34.686+0000] {standard_task_runner.py:72} INFO - Started process 1938 to run task
[2025-02-14T16:35:34.687+0000] {standard_task_runner.py:104} INFO - Running: ['***', 'tasks', 'run', 'web_to_snowflake', 'scrape_finance_data', 'manual__2025-02-14T16:35:17.596830+00:00', '--job-id', '193', '--raw', '--subdir', 'DAGS_FOLDER/web_to_snowflake.py', '--cfg-path', '/tmp/tmp9ls_ii0f']
[2025-02-14T16:35:34.693+0000] {standard_task_runner.py:105} INFO - Job 193: Subtask scrape_finance_data
[2025-02-14T16:35:34.840+0000] {task_command.py:467} INFO - Running <TaskInstance: web_to_snowflake.scrape_finance_data manual__2025-02-14T16:35:17.596830+00:00 [running]> on host 715f5b9093d1
[2025-02-14T16:35:34.926+0000] {taskinstance.py:3132} INFO - Exporting env vars: AIRFLOW_CTX_DAG_OWNER='***' AIRFLOW_CTX_DAG_ID='web_to_snowflake' AIRFLOW_CTX_TASK_ID='scrape_finance_data' AIRFLOW_CTX_EXECUTION_DATE='2025-02-14T16:35:17.596830+00:00' AIRFLOW_CTX_TRY_NUMBER='1' AIRFLOW_CTX_DAG_RUN_ID='manual__2025-02-14T16:35:17.596830+00:00'
[2025-02-14T16:35:34.928+0000] {taskinstance.py:731} INFO - ::endgroup::
[2025-02-14T16:35:37.032+0000] {base.py:84} INFO - Retrieving connection 'aws_default'
[2025-02-14T16:35:37.036+0000] {connection_wrapper.py:325} INFO - AWS Connection (conn_id='aws_default', conn_type='aws') credentials retrieved from login and password.
[2025-02-14T16:35:38.426+0000] {logging_mixin.py:190} INFO - Uploaded 2016q4/sub.txt to S3 bucket assignment2bigdatasystemss
[2025-02-14T16:35:39.594+0000] {base.py:84} INFO - Retrieving connection 'aws_default'
[2025-02-14T16:35:39.596+0000] {connection_wrapper.py:325} INFO - AWS Connection (conn_id='aws_default', conn_type='aws') credentials retrieved from login and password.
[2025-02-14T16:35:57.574+0000] {logging_mixin.py:190} INFO - Uploaded 2016q4/pre.txt to S3 bucket assignment2bigdatasystemss
[2025-02-14T16:36:03.648+0000] {base.py:84} INFO - Retrieving connection 'aws_default'
[2025-02-14T16:36:03.654+0000] {connection_wrapper.py:325} INFO - AWS Connection (conn_id='aws_default', conn_type='aws') credentials retrieved from login and password.
[2025-02-14T16:37:18.526+0000] {logging_mixin.py:190} INFO - Uploaded 2016q4/num.txt to S3 bucket assignment2bigdatasystemss
[2025-02-14T16:37:18.707+0000] {base.py:84} INFO - Retrieving connection 'aws_default'
[2025-02-14T16:37:18.708+0000] {connection_wrapper.py:325} INFO - AWS Connection (conn_id='aws_default', conn_type='aws') credentials retrieved from login and password.
[2025-02-14T16:37:24.785+0000] {logging_mixin.py:190} INFO - Uploaded 2016q4/tag.txt to S3 bucket assignment2bigdatasystemss
[2025-02-14T16:37:24.817+0000] {base.py:84} INFO - Retrieving connection 'aws_default'
[2025-02-14T16:37:24.818+0000] {connection_wrapper.py:325} INFO - AWS Connection (conn_id='aws_default', conn_type='aws') credentials retrieved from login and password.
[2025-02-14T16:37:25.963+0000] {logging_mixin.py:190} INFO - Uploaded 2016q4/readme.htm to S3 bucket assignment2bigdatasystemss
[2025-02-14T16:37:25.970+0000] {python.py:240} INFO - Done. Returned value was: None
[2025-02-14T16:37:26.019+0000] {taskinstance.py:340} INFO - ::group::Post task execution logs
[2025-02-14T16:37:26.022+0000] {taskinstance.py:352} INFO - Marking task as SUCCESS. dag_id=web_to_snowflake, task_id=scrape_finance_data, run_id=manual__2025-02-14T16:35:17.596830+00:00, execution_date=20250214T163517, start_date=20250214T163534, end_date=20250214T163726
[2025-02-14T16:37:26.170+0000] {local_task_job_runner.py:266} INFO - Task exited with return code 0
[2025-02-14T16:37:26.346+0000] {taskinstance.py:3895} INFO - 1 downstream tasks scheduled from follow-on schedule check
[2025-02-14T16:37:26.348+0000] {local_task_job_runner.py:245} INFO - ::endgroup::
