[2025-02-14T18:37:35.037+0000] {local_task_job_runner.py:123} INFO - ::group::Pre task execution logs
[2025-02-14T18:37:35.183+0000] {taskinstance.py:2613} INFO - Dependencies all met for dep_context=non-requeueable deps ti=<TaskInstance: web_to_snowflake.scrape_finance_data manual__2025-02-14T18:37:16.261867+00:00 [queued]>
[2025-02-14T18:37:35.250+0000] {taskinstance.py:2613} INFO - Dependencies all met for dep_context=requeueable deps ti=<TaskInstance: web_to_snowflake.scrape_finance_data manual__2025-02-14T18:37:16.261867+00:00 [queued]>
[2025-02-14T18:37:35.252+0000] {taskinstance.py:2866} INFO - Starting attempt 1 of 1
[2025-02-14T18:37:35.315+0000] {taskinstance.py:2889} INFO - Executing <Task(PythonOperator): scrape_finance_data> on 2025-02-14 18:37:16.261867+00:00
[2025-02-14T18:37:35.445+0000] {warnings.py:112} WARNING - /home/***/.local/lib/python3.12/site-packages/***/task/task_runner/standard_task_runner.py:70: DeprecationWarning: This process (pid=3558) is multi-threaded, use of fork() may lead to deadlocks in the child.
  pid = os.fork()

[2025-02-14T18:37:35.470+0000] {standard_task_runner.py:72} INFO - Started process 3559 to run task
[2025-02-14T18:37:35.461+0000] {standard_task_runner.py:104} INFO - Running: ['***', 'tasks', 'run', 'web_to_snowflake', 'scrape_finance_data', 'manual__2025-02-14T18:37:16.261867+00:00', '--job-id', '229', '--raw', '--subdir', 'DAGS_FOLDER/web_to_snowflake.py', '--cfg-path', '/tmp/tmpphgma3b2']
[2025-02-14T18:37:35.499+0000] {standard_task_runner.py:105} INFO - Job 229: Subtask scrape_finance_data
[2025-02-14T18:37:35.763+0000] {task_command.py:467} INFO - Running <TaskInstance: web_to_snowflake.scrape_finance_data manual__2025-02-14T18:37:16.261867+00:00 [running]> on host 715f5b9093d1
[2025-02-14T18:37:36.026+0000] {taskinstance.py:3132} INFO - Exporting env vars: AIRFLOW_CTX_DAG_OWNER='***' AIRFLOW_CTX_DAG_ID='web_to_snowflake' AIRFLOW_CTX_TASK_ID='scrape_finance_data' AIRFLOW_CTX_EXECUTION_DATE='2025-02-14T18:37:16.261867+00:00' AIRFLOW_CTX_TRY_NUMBER='1' AIRFLOW_CTX_DAG_RUN_ID='manual__2025-02-14T18:37:16.261867+00:00'
[2025-02-14T18:37:36.054+0000] {taskinstance.py:731} INFO - ::endgroup::
[2025-02-14T18:37:42.930+0000] {base.py:84} INFO - Retrieving connection 'aws_default'
[2025-02-14T18:37:42.969+0000] {connection_wrapper.py:325} INFO - AWS Connection (conn_id='aws_default', conn_type='aws') credentials retrieved from login and password.
[2025-02-14T18:37:47.227+0000] {logging_mixin.py:190} INFO - Uploaded 2016q4/sub.txt to S3 bucket assignment2bigdatasystemss
[2025-02-14T18:37:47.651+0000] {base.py:84} INFO - Retrieving connection 'aws_default'
[2025-02-14T18:37:47.652+0000] {connection_wrapper.py:325} INFO - AWS Connection (conn_id='aws_default', conn_type='aws') credentials retrieved from login and password.
[2025-02-14T18:38:08.185+0000] {logging_mixin.py:190} INFO - Uploaded 2016q4/pre.txt to S3 bucket assignment2bigdatasystemss
[2025-02-14T18:38:16.885+0000] {base.py:84} INFO - Retrieving connection 'aws_default'
[2025-02-14T18:38:16.912+0000] {connection_wrapper.py:325} INFO - AWS Connection (conn_id='aws_default', conn_type='aws') credentials retrieved from login and password.
[2025-02-14T18:39:39.770+0000] {logging_mixin.py:190} INFO - Uploaded 2016q4/num.txt to S3 bucket assignment2bigdatasystemss
[2025-02-14T18:39:40.041+0000] {base.py:84} INFO - Retrieving connection 'aws_default'
[2025-02-14T18:39:40.042+0000] {connection_wrapper.py:325} INFO - AWS Connection (conn_id='aws_default', conn_type='aws') credentials retrieved from login and password.
[2025-02-14T18:39:45.625+0000] {logging_mixin.py:190} INFO - Uploaded 2016q4/tag.txt to S3 bucket assignment2bigdatasystemss
[2025-02-14T18:39:45.690+0000] {base.py:84} INFO - Retrieving connection 'aws_default'
[2025-02-14T18:39:45.691+0000] {connection_wrapper.py:325} INFO - AWS Connection (conn_id='aws_default', conn_type='aws') credentials retrieved from login and password.
[2025-02-14T18:39:46.875+0000] {logging_mixin.py:190} INFO - Uploaded 2016q4/readme.htm to S3 bucket assignment2bigdatasystemss
[2025-02-14T18:39:46.891+0000] {python.py:240} INFO - Done. Returned value was: None
[2025-02-14T18:39:46.962+0000] {taskinstance.py:340} INFO - ::group::Post task execution logs
[2025-02-14T18:39:46.964+0000] {taskinstance.py:352} INFO - Marking task as SUCCESS. dag_id=web_to_snowflake, task_id=scrape_finance_data, run_id=manual__2025-02-14T18:37:16.261867+00:00, execution_date=20250214T183716, start_date=20250214T183735, end_date=20250214T183946
[2025-02-14T18:39:47.298+0000] {local_task_job_runner.py:266} INFO - Task exited with return code 0
[2025-02-14T18:39:47.450+0000] {taskinstance.py:3895} INFO - 1 downstream tasks scheduled from follow-on schedule check
[2025-02-14T18:39:47.457+0000] {local_task_job_runner.py:245} INFO - ::endgroup::
