[2025-02-14T16:57:05.864+0000] {local_task_job_runner.py:123} INFO - ::group::Pre task execution logs
[2025-02-14T16:57:05.875+0000] {taskinstance.py:2613} INFO - Dependencies all met for dep_context=non-requeueable deps ti=<TaskInstance: web_to_snowflake.scrape_finance_data manual__2025-02-14T16:56:54.087305+00:00 [queued]>
[2025-02-14T16:57:05.881+0000] {taskinstance.py:2613} INFO - Dependencies all met for dep_context=requeueable deps ti=<TaskInstance: web_to_snowflake.scrape_finance_data manual__2025-02-14T16:56:54.087305+00:00 [queued]>
[2025-02-14T16:57:05.881+0000] {taskinstance.py:2866} INFO - Starting attempt 1 of 1
[2025-02-14T16:57:05.889+0000] {taskinstance.py:2889} INFO - Executing <Task(PythonOperator): scrape_finance_data> on 2025-02-14 16:56:54.087305+00:00
[2025-02-14T16:57:05.943+0000] {warnings.py:112} WARNING - /home/***/.local/lib/python3.12/site-packages/***/task/task_runner/standard_task_runner.py:70: DeprecationWarning: This process (pid=2262) is multi-threaded, use of fork() may lead to deadlocks in the child.
  pid = os.fork()

[2025-02-14T16:57:05.949+0000] {standard_task_runner.py:72} INFO - Started process 2263 to run task
[2025-02-14T16:57:05.953+0000] {standard_task_runner.py:104} INFO - Running: ['***', 'tasks', 'run', 'web_to_snowflake', 'scrape_finance_data', 'manual__2025-02-14T16:56:54.087305+00:00', '--job-id', '200', '--raw', '--subdir', 'DAGS_FOLDER/web_to_snowflake.py', '--cfg-path', '/tmp/tmp155eoubq']
[2025-02-14T16:57:05.961+0000] {standard_task_runner.py:105} INFO - Job 200: Subtask scrape_finance_data
[2025-02-14T16:57:06.033+0000] {task_command.py:467} INFO - Running <TaskInstance: web_to_snowflake.scrape_finance_data manual__2025-02-14T16:56:54.087305+00:00 [running]> on host 715f5b9093d1
[2025-02-14T16:57:06.111+0000] {taskinstance.py:3132} INFO - Exporting env vars: AIRFLOW_CTX_DAG_OWNER='***' AIRFLOW_CTX_DAG_ID='web_to_snowflake' AIRFLOW_CTX_TASK_ID='scrape_finance_data' AIRFLOW_CTX_EXECUTION_DATE='2025-02-14T16:56:54.087305+00:00' AIRFLOW_CTX_TRY_NUMBER='1' AIRFLOW_CTX_DAG_RUN_ID='manual__2025-02-14T16:56:54.087305+00:00'
[2025-02-14T16:57:06.114+0000] {taskinstance.py:731} INFO - ::endgroup::
[2025-02-14T16:57:09.412+0000] {base.py:84} INFO - Retrieving connection 'aws_default'
[2025-02-14T16:57:09.415+0000] {connection_wrapper.py:325} INFO - AWS Connection (conn_id='aws_default', conn_type='aws') credentials retrieved from login and password.
[2025-02-14T16:57:12.424+0000] {logging_mixin.py:190} INFO - Uploaded 2016q4/sub.txt to S3 bucket assignment2bigdatasystemss
[2025-02-14T16:57:12.906+0000] {base.py:84} INFO - Retrieving connection 'aws_default'
[2025-02-14T16:57:12.907+0000] {connection_wrapper.py:325} INFO - AWS Connection (conn_id='aws_default', conn_type='aws') credentials retrieved from login and password.
[2025-02-14T16:57:31.651+0000] {logging_mixin.py:190} INFO - Uploaded 2016q4/pre.txt to S3 bucket assignment2bigdatasystemss
[2025-02-14T16:57:38.892+0000] {base.py:84} INFO - Retrieving connection 'aws_default'
[2025-02-14T16:57:38.900+0000] {connection_wrapper.py:325} INFO - AWS Connection (conn_id='aws_default', conn_type='aws') credentials retrieved from login and password.
[2025-02-14T16:58:54.962+0000] {logging_mixin.py:190} INFO - Uploaded 2016q4/num.txt to S3 bucket assignment2bigdatasystemss
[2025-02-14T16:58:55.162+0000] {base.py:84} INFO - Retrieving connection 'aws_default'
[2025-02-14T16:58:55.163+0000] {connection_wrapper.py:325} INFO - AWS Connection (conn_id='aws_default', conn_type='aws') credentials retrieved from login and password.
[2025-02-14T16:59:00.572+0000] {logging_mixin.py:190} INFO - Uploaded 2016q4/tag.txt to S3 bucket assignment2bigdatasystemss
[2025-02-14T16:59:00.620+0000] {base.py:84} INFO - Retrieving connection 'aws_default'
[2025-02-14T16:59:00.623+0000] {connection_wrapper.py:325} INFO - AWS Connection (conn_id='aws_default', conn_type='aws') credentials retrieved from login and password.
[2025-02-14T16:59:01.704+0000] {logging_mixin.py:190} INFO - Uploaded 2016q4/readme.htm to S3 bucket assignment2bigdatasystemss
[2025-02-14T16:59:01.717+0000] {python.py:240} INFO - Done. Returned value was: None
[2025-02-14T16:59:01.769+0000] {taskinstance.py:340} INFO - ::group::Post task execution logs
[2025-02-14T16:59:01.771+0000] {taskinstance.py:352} INFO - Marking task as SUCCESS. dag_id=web_to_snowflake, task_id=scrape_finance_data, run_id=manual__2025-02-14T16:56:54.087305+00:00, execution_date=20250214T165654, start_date=20250214T165705, end_date=20250214T165901
[2025-02-14T16:59:01.912+0000] {local_task_job_runner.py:266} INFO - Task exited with return code 0
[2025-02-14T16:59:01.985+0000] {taskinstance.py:3895} INFO - 1 downstream tasks scheduled from follow-on schedule check
[2025-02-14T16:59:01.987+0000] {local_task_job_runner.py:245} INFO - ::endgroup::
