[2025-02-14T06:21:28.974+0000] {local_task_job_runner.py:123} INFO - ::group::Pre task execution logs
[2025-02-14T06:21:28.987+0000] {taskinstance.py:2613} INFO - Dependencies all met for dep_context=non-requeueable deps ti=<TaskInstance: web_to_snowflake.process_data manual__2025-02-14T06:21:09.943985+00:00 [queued]>
[2025-02-14T06:21:28.995+0000] {taskinstance.py:2613} INFO - Dependencies all met for dep_context=requeueable deps ti=<TaskInstance: web_to_snowflake.process_data manual__2025-02-14T06:21:09.943985+00:00 [queued]>
[2025-02-14T06:21:28.996+0000] {taskinstance.py:2866} INFO - Starting attempt 1 of 2
[2025-02-14T06:21:29.005+0000] {taskinstance.py:2889} INFO - Executing <Task(PythonOperator): process_data> on 2025-02-14 06:21:09.943985+00:00
[2025-02-14T06:21:29.016+0000] {warnings.py:112} WARNING - /home/***/.local/lib/python3.12/site-packages/***/task/task_runner/standard_task_runner.py:70: DeprecationWarning: This process (pid=174) is multi-threaded, use of fork() may lead to deadlocks in the child.
  pid = os.fork()

[2025-02-14T06:21:29.017+0000] {standard_task_runner.py:72} INFO - Started process 175 to run task
[2025-02-14T06:21:29.019+0000] {standard_task_runner.py:104} INFO - Running: ['***', 'tasks', 'run', 'web_to_snowflake', 'process_data', 'manual__2025-02-14T06:21:09.943985+00:00', '--job-id', '180', '--raw', '--subdir', 'DAGS_FOLDER/web_to_snowflake.py', '--cfg-path', '/tmp/tmp097kffb_']
[2025-02-14T06:21:29.022+0000] {standard_task_runner.py:105} INFO - Job 180: Subtask process_data
[2025-02-14T06:21:29.206+0000] {task_command.py:467} INFO - Running <TaskInstance: web_to_snowflake.process_data manual__2025-02-14T06:21:09.943985+00:00 [running]> on host 715f5b9093d1
[2025-02-14T06:21:29.293+0000] {taskinstance.py:3132} INFO - Exporting env vars: AIRFLOW_CTX_DAG_OWNER='***' AIRFLOW_CTX_DAG_ID='web_to_snowflake' AIRFLOW_CTX_TASK_ID='process_data' AIRFLOW_CTX_EXECUTION_DATE='2025-02-14T06:21:09.943985+00:00' AIRFLOW_CTX_TRY_NUMBER='1' AIRFLOW_CTX_DAG_RUN_ID='manual__2025-02-14T06:21:09.943985+00:00'
[2025-02-14T06:21:29.294+0000] {taskinstance.py:731} INFO - ::endgroup::
[2025-02-14T06:21:29.334+0000] {base.py:84} INFO - Retrieving connection 'aws_default'
[2025-02-14T06:21:29.334+0000] {connection_wrapper.py:325} INFO - AWS Connection (conn_id='aws_default', conn_type='aws') credentials retrieved from login and password.
[2025-02-14T06:21:30.715+0000] {hook.py:208} WARNING - Data lineage tracking is disabled. Register a hook lineage reader to start tracking hook lineage.
[2025-02-14T06:21:30.717+0000] {logging_mixin.py:190} INFO - Processed data saved to: /tmp/weather_data_20250214.csv
[2025-02-14T06:21:30.720+0000] {python.py:240} INFO - Done. Returned value was: /tmp/weather_data_20250214.csv
[2025-02-14T06:21:30.752+0000] {taskinstance.py:340} INFO - ::group::Post task execution logs
[2025-02-14T06:21:30.753+0000] {taskinstance.py:352} INFO - Marking task as SUCCESS. dag_id=web_to_snowflake, task_id=process_data, run_id=manual__2025-02-14T06:21:09.943985+00:00, execution_date=20250214T062109, start_date=20250214T062128, end_date=20250214T062130
[2025-02-14T06:21:30.793+0000] {local_task_job_runner.py:266} INFO - Task exited with return code 0
[2025-02-14T06:21:30.844+0000] {taskinstance.py:3895} INFO - 1 downstream tasks scheduled from follow-on schedule check
[2025-02-14T06:21:30.846+0000] {local_task_job_runner.py:245} INFO - ::endgroup::
