[2025-02-14T18:32:07.867+0000] {local_task_job_runner.py:123} INFO - ::group::Pre task execution logs
[2025-02-14T18:32:07.905+0000] {taskinstance.py:2613} INFO - Dependencies all met for dep_context=non-requeueable deps ti=<TaskInstance: web_to_snowflake.scrape_finance_data manual__2025-02-14T18:31:55.208523+00:00 [queued]>
[2025-02-14T18:32:07.912+0000] {taskinstance.py:2613} INFO - Dependencies all met for dep_context=requeueable deps ti=<TaskInstance: web_to_snowflake.scrape_finance_data manual__2025-02-14T18:31:55.208523+00:00 [queued]>
[2025-02-14T18:32:07.913+0000] {taskinstance.py:2866} INFO - Starting attempt 1 of 1
[2025-02-14T18:32:07.923+0000] {taskinstance.py:2889} INFO - Executing <Task(PythonOperator): scrape_finance_data> on 2025-02-14 18:31:55.208523+00:00
[2025-02-14T18:32:07.936+0000] {warnings.py:112} WARNING - /home/***/.local/lib/python3.12/site-packages/***/task/task_runner/standard_task_runner.py:70: DeprecationWarning: This process (pid=3446) is multi-threaded, use of fork() may lead to deadlocks in the child.
  pid = os.fork()

[2025-02-14T18:32:07.938+0000] {standard_task_runner.py:72} INFO - Started process 3447 to run task
[2025-02-14T18:32:07.938+0000] {standard_task_runner.py:104} INFO - Running: ['***', 'tasks', 'run', 'web_to_snowflake', 'scrape_finance_data', 'manual__2025-02-14T18:31:55.208523+00:00', '--job-id', '225', '--raw', '--subdir', 'DAGS_FOLDER/web_to_snowflake.py', '--cfg-path', '/tmp/tmp7nlmmlcl']
[2025-02-14T18:32:07.942+0000] {standard_task_runner.py:105} INFO - Job 225: Subtask scrape_finance_data
[2025-02-14T18:32:07.985+0000] {task_command.py:467} INFO - Running <TaskInstance: web_to_snowflake.scrape_finance_data manual__2025-02-14T18:31:55.208523+00:00 [running]> on host 715f5b9093d1
[2025-02-14T18:32:08.057+0000] {taskinstance.py:3132} INFO - Exporting env vars: AIRFLOW_CTX_DAG_OWNER='***' AIRFLOW_CTX_DAG_ID='web_to_snowflake' AIRFLOW_CTX_TASK_ID='scrape_finance_data' AIRFLOW_CTX_EXECUTION_DATE='2025-02-14T18:31:55.208523+00:00' AIRFLOW_CTX_TRY_NUMBER='1' AIRFLOW_CTX_DAG_RUN_ID='manual__2025-02-14T18:31:55.208523+00:00'
[2025-02-14T18:32:08.058+0000] {taskinstance.py:731} INFO - ::endgroup::
[2025-02-14T18:32:10.435+0000] {base.py:84} INFO - Retrieving connection 'aws_default'
[2025-02-14T18:32:10.438+0000] {connection_wrapper.py:325} INFO - AWS Connection (conn_id='aws_default', conn_type='aws') credentials retrieved from login and password.
[2025-02-14T18:32:17.424+0000] {logging_mixin.py:190} INFO - Uploaded 2016q4/sub.txt to S3 bucket assignment2bigdatasystemss
[2025-02-14T18:32:18.729+0000] {base.py:84} INFO - Retrieving connection 'aws_default'
[2025-02-14T18:32:18.732+0000] {connection_wrapper.py:325} INFO - AWS Connection (conn_id='aws_default', conn_type='aws') credentials retrieved from login and password.
[2025-02-14T18:32:39.854+0000] {logging_mixin.py:190} INFO - Uploaded 2016q4/pre.txt to S3 bucket assignment2bigdatasystemss
[2025-02-14T18:32:45.580+0000] {base.py:84} INFO - Retrieving connection 'aws_default'
[2025-02-14T18:32:45.585+0000] {connection_wrapper.py:325} INFO - AWS Connection (conn_id='aws_default', conn_type='aws') credentials retrieved from login and password.
[2025-02-14T18:34:09.738+0000] {logging_mixin.py:190} INFO - Uploaded 2016q4/num.txt to S3 bucket assignment2bigdatasystemss
[2025-02-14T18:34:11.888+0000] {base.py:84} INFO - Retrieving connection 'aws_default'
[2025-02-14T18:34:11.911+0000] {connection_wrapper.py:325} INFO - AWS Connection (conn_id='aws_default', conn_type='aws') credentials retrieved from login and password.
[2025-02-14T18:34:20.459+0000] {logging_mixin.py:190} INFO - Uploaded 2016q4/tag.txt to S3 bucket assignment2bigdatasystemss
[2025-02-14T18:34:20.503+0000] {base.py:84} INFO - Retrieving connection 'aws_default'
[2025-02-14T18:34:20.504+0000] {connection_wrapper.py:325} INFO - AWS Connection (conn_id='aws_default', conn_type='aws') credentials retrieved from login and password.
[2025-02-14T18:34:21.699+0000] {logging_mixin.py:190} INFO - Uploaded 2016q4/readme.htm to S3 bucket assignment2bigdatasystemss
[2025-02-14T18:34:21.710+0000] {python.py:240} INFO - Done. Returned value was: None
[2025-02-14T18:34:21.841+0000] {taskinstance.py:340} INFO - ::group::Post task execution logs
[2025-02-14T18:34:21.848+0000] {taskinstance.py:352} INFO - Marking task as SUCCESS. dag_id=web_to_snowflake, task_id=scrape_finance_data, run_id=manual__2025-02-14T18:31:55.208523+00:00, execution_date=20250214T183155, start_date=20250214T183207, end_date=20250214T183421
[2025-02-14T18:34:22.180+0000] {local_task_job_runner.py:266} INFO - Task exited with return code 0
[2025-02-14T18:34:22.282+0000] {taskinstance.py:3895} INFO - 1 downstream tasks scheduled from follow-on schedule check
[2025-02-14T18:34:22.283+0000] {local_task_job_runner.py:245} INFO - ::endgroup::
