[2025-02-14T05:29:25.524+0000] {local_task_job_runner.py:123} INFO - ::group::Pre task execution logs
[2025-02-14T05:29:25.540+0000] {taskinstance.py:2613} INFO - Dependencies all met for dep_context=non-requeueable deps ti=<TaskInstance: web_to_snowflake.scrape_weather_data manual__2025-02-14T05:29:12.711901+00:00 [queued]>
[2025-02-14T05:29:25.546+0000] {taskinstance.py:2613} INFO - Dependencies all met for dep_context=requeueable deps ti=<TaskInstance: web_to_snowflake.scrape_weather_data manual__2025-02-14T05:29:12.711901+00:00 [queued]>
[2025-02-14T05:29:25.546+0000] {taskinstance.py:2866} INFO - Starting attempt 1 of 2
[2025-02-14T05:29:25.557+0000] {taskinstance.py:2889} INFO - Executing <Task(PythonOperator): scrape_weather_data> on 2025-02-14 05:29:12.711901+00:00
[2025-02-14T05:29:25.564+0000] {warnings.py:112} WARNING - /home/***/.local/lib/python3.12/site-packages/***/task/task_runner/standard_task_runner.py:70: DeprecationWarning: This process (pid=192) is multi-threaded, use of fork() may lead to deadlocks in the child.
  pid = os.fork()

[2025-02-14T05:29:25.568+0000] {standard_task_runner.py:72} INFO - Started process 193 to run task
[2025-02-14T05:29:25.566+0000] {standard_task_runner.py:104} INFO - Running: ['***', 'tasks', 'run', 'web_to_snowflake', 'scrape_weather_data', 'manual__2025-02-14T05:29:12.711901+00:00', '--job-id', '150', '--raw', '--subdir', 'DAGS_FOLDER/web_to_snowflake.py', '--cfg-path', '/tmp/tmpikar4_5y']
[2025-02-14T05:29:25.569+0000] {standard_task_runner.py:105} INFO - Job 150: Subtask scrape_weather_data
[2025-02-14T05:29:25.605+0000] {task_command.py:467} INFO - Running <TaskInstance: web_to_snowflake.scrape_weather_data manual__2025-02-14T05:29:12.711901+00:00 [running]> on host 548064e9bd3b
[2025-02-14T05:29:25.660+0000] {taskinstance.py:3132} INFO - Exporting env vars: AIRFLOW_CTX_DAG_OWNER='***' AIRFLOW_CTX_DAG_ID='web_to_snowflake' AIRFLOW_CTX_TASK_ID='scrape_weather_data' AIRFLOW_CTX_EXECUTION_DATE='2025-02-14T05:29:12.711901+00:00' AIRFLOW_CTX_TRY_NUMBER='1' AIRFLOW_CTX_DAG_RUN_ID='manual__2025-02-14T05:29:12.711901+00:00'
[2025-02-14T05:29:25.661+0000] {taskinstance.py:731} INFO - ::endgroup::
[2025-02-14T05:29:25.688+0000] {logging_mixin.py:190} INFO - Scraped data: {'temperature': 72, 'humidity': 65, 'date': '2025-02-14', 'temperature_celsius': 22.22}
[2025-02-14T05:29:25.689+0000] {python.py:240} INFO - Done. Returned value was: Data scraped successfully
[2025-02-14T05:29:25.703+0000] {taskinstance.py:340} INFO - ::group::Post task execution logs
[2025-02-14T05:29:25.704+0000] {taskinstance.py:352} INFO - Marking task as SUCCESS. dag_id=web_to_snowflake, task_id=scrape_weather_data, run_id=manual__2025-02-14T05:29:12.711901+00:00, execution_date=20250214T052912, start_date=20250214T052925, end_date=20250214T052925
[2025-02-14T05:29:25.755+0000] {local_task_job_runner.py:266} INFO - Task exited with return code 0
[2025-02-14T05:29:25.776+0000] {taskinstance.py:3895} INFO - 1 downstream tasks scheduled from follow-on schedule check
[2025-02-14T05:29:25.777+0000] {local_task_job_runner.py:245} INFO - ::endgroup::
