[2025-02-14T17:50:39.817+0000] {local_task_job_runner.py:123} INFO - ::group::Pre task execution logs
[2025-02-14T17:50:39.830+0000] {taskinstance.py:2613} INFO - Dependencies all met for dep_context=non-requeueable deps ti=<TaskInstance: web_to_snowflake.scrape_finance_data manual__2025-02-14T17:50:25.851942+00:00 [queued]>
[2025-02-14T17:50:39.836+0000] {taskinstance.py:2613} INFO - Dependencies all met for dep_context=requeueable deps ti=<TaskInstance: web_to_snowflake.scrape_finance_data manual__2025-02-14T17:50:25.851942+00:00 [queued]>
[2025-02-14T17:50:39.836+0000] {taskinstance.py:2866} INFO - Starting attempt 1 of 1
[2025-02-14T17:50:39.845+0000] {taskinstance.py:2889} INFO - Executing <Task(PythonOperator): scrape_finance_data> on 2025-02-14 17:50:25.851942+00:00
[2025-02-14T17:50:39.855+0000] {warnings.py:112} WARNING - /home/***/.local/lib/python3.12/site-packages/***/task/task_runner/standard_task_runner.py:70: DeprecationWarning: This process (pid=2835) is multi-threaded, use of fork() may lead to deadlocks in the child.
  pid = os.fork()

[2025-02-14T17:50:39.858+0000] {standard_task_runner.py:72} INFO - Started process 2836 to run task
[2025-02-14T17:50:39.860+0000] {standard_task_runner.py:104} INFO - Running: ['***', 'tasks', 'run', 'web_to_snowflake', 'scrape_finance_data', 'manual__2025-02-14T17:50:25.851942+00:00', '--job-id', '211', '--raw', '--subdir', 'DAGS_FOLDER/web_to_snowflake.py', '--cfg-path', '/tmp/tmpp8cg1div']
[2025-02-14T17:50:39.865+0000] {standard_task_runner.py:105} INFO - Job 211: Subtask scrape_finance_data
[2025-02-14T17:50:39.933+0000] {task_command.py:467} INFO - Running <TaskInstance: web_to_snowflake.scrape_finance_data manual__2025-02-14T17:50:25.851942+00:00 [running]> on host 715f5b9093d1
[2025-02-14T17:50:39.991+0000] {taskinstance.py:3132} INFO - Exporting env vars: AIRFLOW_CTX_DAG_OWNER='***' AIRFLOW_CTX_DAG_ID='web_to_snowflake' AIRFLOW_CTX_TASK_ID='scrape_finance_data' AIRFLOW_CTX_EXECUTION_DATE='2025-02-14T17:50:25.851942+00:00' AIRFLOW_CTX_TRY_NUMBER='1' AIRFLOW_CTX_DAG_RUN_ID='manual__2025-02-14T17:50:25.851942+00:00'
[2025-02-14T17:50:39.993+0000] {taskinstance.py:731} INFO - ::endgroup::
[2025-02-14T17:50:49.653+0000] {base.py:84} INFO - Retrieving connection 'aws_default'
[2025-02-14T17:50:49.656+0000] {connection_wrapper.py:325} INFO - AWS Connection (conn_id='aws_default', conn_type='aws') credentials retrieved from login and password.
[2025-02-14T17:50:53.354+0000] {logging_mixin.py:190} INFO - Uploaded 2016q4/sub.txt to S3 bucket assignment2bigdatasystemss
[2025-02-14T17:50:54.293+0000] {base.py:84} INFO - Retrieving connection 'aws_default'
[2025-02-14T17:50:54.295+0000] {connection_wrapper.py:325} INFO - AWS Connection (conn_id='aws_default', conn_type='aws') credentials retrieved from login and password.
[2025-02-14T17:51:12.903+0000] {logging_mixin.py:190} INFO - Uploaded 2016q4/pre.txt to S3 bucket assignment2bigdatasystemss
[2025-02-14T17:51:19.260+0000] {base.py:84} INFO - Retrieving connection 'aws_default'
[2025-02-14T17:51:19.270+0000] {connection_wrapper.py:325} INFO - AWS Connection (conn_id='aws_default', conn_type='aws') credentials retrieved from login and password.
[2025-02-14T17:52:35.396+0000] {logging_mixin.py:190} INFO - Uploaded 2016q4/num.txt to S3 bucket assignment2bigdatasystemss
[2025-02-14T17:52:35.560+0000] {base.py:84} INFO - Retrieving connection 'aws_default'
[2025-02-14T17:52:35.561+0000] {connection_wrapper.py:325} INFO - AWS Connection (conn_id='aws_default', conn_type='aws') credentials retrieved from login and password.
[2025-02-14T17:52:42.338+0000] {logging_mixin.py:190} INFO - Uploaded 2016q4/tag.txt to S3 bucket assignment2bigdatasystemss
[2025-02-14T17:52:42.374+0000] {base.py:84} INFO - Retrieving connection 'aws_default'
[2025-02-14T17:52:42.376+0000] {connection_wrapper.py:325} INFO - AWS Connection (conn_id='aws_default', conn_type='aws') credentials retrieved from login and password.
[2025-02-14T17:52:43.397+0000] {logging_mixin.py:190} INFO - Uploaded 2016q4/readme.htm to S3 bucket assignment2bigdatasystemss
[2025-02-14T17:52:43.404+0000] {python.py:240} INFO - Done. Returned value was: None
[2025-02-14T17:52:43.432+0000] {taskinstance.py:340} INFO - ::group::Post task execution logs
[2025-02-14T17:52:43.433+0000] {taskinstance.py:352} INFO - Marking task as SUCCESS. dag_id=web_to_snowflake, task_id=scrape_finance_data, run_id=manual__2025-02-14T17:50:25.851942+00:00, execution_date=20250214T175025, start_date=20250214T175039, end_date=20250214T175243
[2025-02-14T17:52:43.567+0000] {local_task_job_runner.py:266} INFO - Task exited with return code 0
[2025-02-14T17:52:43.584+0000] {local_task_job_runner.py:245} INFO - ::endgroup::
