[2025-02-14T17:01:11.014+0000] {local_task_job_runner.py:123} INFO - ::group::Pre task execution logs
[2025-02-14T17:01:11.026+0000] {taskinstance.py:2613} INFO - Dependencies all met for dep_context=non-requeueable deps ti=<TaskInstance: web_to_snowflake.scrape_finance_data manual__2025-02-14T17:00:59.815624+00:00 [queued]>
[2025-02-14T17:01:11.031+0000] {taskinstance.py:2613} INFO - Dependencies all met for dep_context=requeueable deps ti=<TaskInstance: web_to_snowflake.scrape_finance_data manual__2025-02-14T17:00:59.815624+00:00 [queued]>
[2025-02-14T17:01:11.032+0000] {taskinstance.py:2866} INFO - Starting attempt 1 of 1
[2025-02-14T17:01:11.041+0000] {taskinstance.py:2889} INFO - Executing <Task(PythonOperator): scrape_finance_data> on 2025-02-14 17:00:59.815624+00:00
[2025-02-14T17:01:11.053+0000] {warnings.py:112} WARNING - /home/***/.local/lib/python3.12/site-packages/***/task/task_runner/standard_task_runner.py:70: DeprecationWarning: This process (pid=2394) is multi-threaded, use of fork() may lead to deadlocks in the child.
  pid = os.fork()

[2025-02-14T17:01:11.055+0000] {standard_task_runner.py:72} INFO - Started process 2402 to run task
[2025-02-14T17:01:11.060+0000] {standard_task_runner.py:104} INFO - Running: ['***', 'tasks', 'run', 'web_to_snowflake', 'scrape_finance_data', 'manual__2025-02-14T17:00:59.815624+00:00', '--job-id', '204', '--raw', '--subdir', 'DAGS_FOLDER/web_to_snowflake.py', '--cfg-path', '/tmp/tmpuj4tzg2t']
[2025-02-14T17:01:11.071+0000] {standard_task_runner.py:105} INFO - Job 204: Subtask scrape_finance_data
[2025-02-14T17:01:11.139+0000] {task_command.py:467} INFO - Running <TaskInstance: web_to_snowflake.scrape_finance_data manual__2025-02-14T17:00:59.815624+00:00 [running]> on host 715f5b9093d1
[2025-02-14T17:01:11.215+0000] {taskinstance.py:3132} INFO - Exporting env vars: AIRFLOW_CTX_DAG_OWNER='***' AIRFLOW_CTX_DAG_ID='web_to_snowflake' AIRFLOW_CTX_TASK_ID='scrape_finance_data' AIRFLOW_CTX_EXECUTION_DATE='2025-02-14T17:00:59.815624+00:00' AIRFLOW_CTX_TRY_NUMBER='1' AIRFLOW_CTX_DAG_RUN_ID='manual__2025-02-14T17:00:59.815624+00:00'
[2025-02-14T17:01:11.217+0000] {taskinstance.py:731} INFO - ::endgroup::
[2025-02-14T17:01:13.211+0000] {base.py:84} INFO - Retrieving connection 'aws_default'
[2025-02-14T17:01:13.217+0000] {connection_wrapper.py:325} INFO - AWS Connection (conn_id='aws_default', conn_type='aws') credentials retrieved from login and password.
[2025-02-14T17:01:16.717+0000] {logging_mixin.py:190} INFO - Uploaded 2016q4/sub.txt to S3 bucket assignment2bigdatasystemss
[2025-02-14T17:01:17.203+0000] {base.py:84} INFO - Retrieving connection 'aws_default'
[2025-02-14T17:01:17.205+0000] {connection_wrapper.py:325} INFO - AWS Connection (conn_id='aws_default', conn_type='aws') credentials retrieved from login and password.
[2025-02-14T17:01:35.957+0000] {logging_mixin.py:190} INFO - Uploaded 2016q4/pre.txt to S3 bucket assignment2bigdatasystemss
[2025-02-14T17:01:41.309+0000] {base.py:84} INFO - Retrieving connection 'aws_default'
[2025-02-14T17:01:41.321+0000] {connection_wrapper.py:325} INFO - AWS Connection (conn_id='aws_default', conn_type='aws') credentials retrieved from login and password.
[2025-02-14T17:02:56.060+0000] {logging_mixin.py:190} INFO - Uploaded 2016q4/num.txt to S3 bucket assignment2bigdatasystemss
[2025-02-14T17:02:56.218+0000] {base.py:84} INFO - Retrieving connection 'aws_default'
[2025-02-14T17:02:56.219+0000] {connection_wrapper.py:325} INFO - AWS Connection (conn_id='aws_default', conn_type='aws') credentials retrieved from login and password.
[2025-02-14T17:03:01.804+0000] {logging_mixin.py:190} INFO - Uploaded 2016q4/tag.txt to S3 bucket assignment2bigdatasystemss
[2025-02-14T17:03:01.857+0000] {base.py:84} INFO - Retrieving connection 'aws_default'
[2025-02-14T17:03:01.859+0000] {connection_wrapper.py:325} INFO - AWS Connection (conn_id='aws_default', conn_type='aws') credentials retrieved from login and password.
[2025-02-14T17:03:02.883+0000] {logging_mixin.py:190} INFO - Uploaded 2016q4/readme.htm to S3 bucket assignment2bigdatasystemss
[2025-02-14T17:03:02.889+0000] {python.py:240} INFO - Done. Returned value was: None
[2025-02-14T17:03:02.929+0000] {taskinstance.py:340} INFO - ::group::Post task execution logs
[2025-02-14T17:03:02.931+0000] {taskinstance.py:352} INFO - Marking task as SUCCESS. dag_id=web_to_snowflake, task_id=scrape_finance_data, run_id=manual__2025-02-14T17:00:59.815624+00:00, execution_date=20250214T170059, start_date=20250214T170111, end_date=20250214T170302
[2025-02-14T17:03:03.060+0000] {local_task_job_runner.py:266} INFO - Task exited with return code 0
[2025-02-14T17:03:03.100+0000] {taskinstance.py:3895} INFO - 1 downstream tasks scheduled from follow-on schedule check
[2025-02-14T17:03:03.101+0000] {local_task_job_runner.py:245} INFO - ::endgroup::
