[2025-02-14T06:21:26.923+0000] {local_task_job_runner.py:123} INFO - ::group::Pre task execution logs
[2025-02-14T06:21:26.965+0000] {taskinstance.py:2613} INFO - Dependencies all met for dep_context=non-requeueable deps ti=<TaskInstance: web_to_snowflake.scrape_weather_data manual__2025-02-14T06:21:09.943985+00:00 [queued]>
[2025-02-14T06:21:26.981+0000] {taskinstance.py:2613} INFO - Dependencies all met for dep_context=requeueable deps ti=<TaskInstance: web_to_snowflake.scrape_weather_data manual__2025-02-14T06:21:09.943985+00:00 [queued]>
[2025-02-14T06:21:26.982+0000] {taskinstance.py:2866} INFO - Starting attempt 1 of 2
[2025-02-14T06:21:27.006+0000] {taskinstance.py:2889} INFO - Executing <Task(PythonOperator): scrape_weather_data> on 2025-02-14 06:21:09.943985+00:00
[2025-02-14T06:21:27.038+0000] {warnings.py:112} WARNING - /home/***/.local/lib/python3.12/site-packages/***/task/task_runner/standard_task_runner.py:70: DeprecationWarning: This process (pid=171) is multi-threaded, use of fork() may lead to deadlocks in the child.
  pid = os.fork()

[2025-02-14T06:21:27.042+0000] {standard_task_runner.py:72} INFO - Started process 172 to run task
[2025-02-14T06:21:27.045+0000] {standard_task_runner.py:104} INFO - Running: ['***', 'tasks', 'run', 'web_to_snowflake', 'scrape_weather_data', 'manual__2025-02-14T06:21:09.943985+00:00', '--job-id', '179', '--raw', '--subdir', 'DAGS_FOLDER/web_to_snowflake.py', '--cfg-path', '/tmp/tmpsg81g10s']
[2025-02-14T06:21:27.049+0000] {standard_task_runner.py:105} INFO - Job 179: Subtask scrape_weather_data
[2025-02-14T06:21:27.125+0000] {task_command.py:467} INFO - Running <TaskInstance: web_to_snowflake.scrape_weather_data manual__2025-02-14T06:21:09.943985+00:00 [running]> on host 715f5b9093d1
[2025-02-14T06:21:27.198+0000] {taskinstance.py:3132} INFO - Exporting env vars: AIRFLOW_CTX_DAG_OWNER='***' AIRFLOW_CTX_DAG_ID='web_to_snowflake' AIRFLOW_CTX_TASK_ID='scrape_weather_data' AIRFLOW_CTX_EXECUTION_DATE='2025-02-14T06:21:09.943985+00:00' AIRFLOW_CTX_TRY_NUMBER='1' AIRFLOW_CTX_DAG_RUN_ID='manual__2025-02-14T06:21:09.943985+00:00'
[2025-02-14T06:21:27.200+0000] {taskinstance.py:731} INFO - ::endgroup::
[2025-02-14T06:21:27.226+0000] {logging_mixin.py:190} INFO - Scraped data: {'temperature': 72, 'humidity': 65, 'date': '2025-02-14', 'temperature_celsius': 22.22}
[2025-02-14T06:21:27.226+0000] {python.py:240} INFO - Done. Returned value was: Data scraped successfully
[2025-02-14T06:21:27.241+0000] {taskinstance.py:340} INFO - ::group::Post task execution logs
[2025-02-14T06:21:27.242+0000] {taskinstance.py:352} INFO - Marking task as SUCCESS. dag_id=web_to_snowflake, task_id=scrape_weather_data, run_id=manual__2025-02-14T06:21:09.943985+00:00, execution_date=20250214T062109, start_date=20250214T062126, end_date=20250214T062127
[2025-02-14T06:21:27.268+0000] {local_task_job_runner.py:266} INFO - Task exited with return code 0
[2025-02-14T06:21:27.299+0000] {taskinstance.py:3895} INFO - 1 downstream tasks scheduled from follow-on schedule check
[2025-02-14T06:21:27.301+0000] {local_task_job_runner.py:245} INFO - ::endgroup::
