[2025-02-14T18:09:58.803+0000] {local_task_job_runner.py:123} INFO - ::group::Pre task execution logs
[2025-02-14T18:09:58.817+0000] {taskinstance.py:2613} INFO - Dependencies all met for dep_context=non-requeueable deps ti=<TaskInstance: web_to_snowflake.process_one_file manual__2025-02-14T18:07:47.799654+00:00 [queued]>
[2025-02-14T18:09:58.825+0000] {taskinstance.py:2613} INFO - Dependencies all met for dep_context=requeueable deps ti=<TaskInstance: web_to_snowflake.process_one_file manual__2025-02-14T18:07:47.799654+00:00 [queued]>
[2025-02-14T18:09:58.825+0000] {taskinstance.py:2866} INFO - Starting attempt 1 of 1
[2025-02-14T18:09:58.834+0000] {taskinstance.py:2889} INFO - Executing <Task(PythonOperator): process_one_file> on 2025-02-14 18:07:47.799654+00:00
[2025-02-14T18:09:58.846+0000] {warnings.py:112} WARNING - /home/***/.local/lib/python3.12/site-packages/***/task/task_runner/standard_task_runner.py:70: DeprecationWarning: This process (pid=3146) is multi-threaded, use of fork() may lead to deadlocks in the child.
  pid = os.fork()

[2025-02-14T18:09:58.848+0000] {standard_task_runner.py:72} INFO - Started process 3147 to run task
[2025-02-14T18:09:58.849+0000] {standard_task_runner.py:104} INFO - Running: ['***', 'tasks', 'run', 'web_to_snowflake', 'process_one_file', 'manual__2025-02-14T18:07:47.799654+00:00', '--job-id', '219', '--raw', '--subdir', 'DAGS_FOLDER/web_to_snowflake.py', '--cfg-path', '/tmp/tmp_6ckl2m2']
[2025-02-14T18:09:58.854+0000] {standard_task_runner.py:105} INFO - Job 219: Subtask process_one_file
[2025-02-14T18:09:58.893+0000] {task_command.py:467} INFO - Running <TaskInstance: web_to_snowflake.process_one_file manual__2025-02-14T18:07:47.799654+00:00 [running]> on host 715f5b9093d1
[2025-02-14T18:09:58.946+0000] {taskinstance.py:3132} INFO - Exporting env vars: AIRFLOW_CTX_DAG_OWNER='***' AIRFLOW_CTX_DAG_ID='web_to_snowflake' AIRFLOW_CTX_TASK_ID='process_one_file' AIRFLOW_CTX_EXECUTION_DATE='2025-02-14T18:07:47.799654+00:00' AIRFLOW_CTX_TRY_NUMBER='1' AIRFLOW_CTX_DAG_RUN_ID='manual__2025-02-14T18:07:47.799654+00:00'
[2025-02-14T18:09:58.947+0000] {taskinstance.py:731} INFO - ::endgroup::
[2025-02-14T18:09:58.960+0000] {transform_sec_data.py:26} INFO - Processing sub.txt from 2016q4...
[2025-02-14T18:09:58.966+0000] {base.py:84} INFO - Retrieving connection 'aws_default'
[2025-02-14T18:09:58.966+0000] {connection_wrapper.py:325} INFO - AWS Connection (conn_id='aws_default', conn_type='aws') credentials retrieved from login and password.
[2025-02-14T18:10:00.245+0000] {warnings.py:112} WARNING - /opt/***/dags/transform_sec_data.py:40: UserWarning: Could not infer format, so each element will be parsed individually, falling back to `dateutil`. To ensure parsing is consistent and as-expected, please specify a format.
  df["period"] = pd.to_datetime(df["period"], errors="coerce").dt.strftime("%Y-%m-%d")

[2025-02-14T18:10:02.977+0000] {transform_sec_data.py:51} INFO - ✅ Transformed and uploaded: sec-transformed-files/2016q4/sub.csv
[2025-02-14T18:10:02.980+0000] {python.py:240} INFO - Done. Returned value was: None
[2025-02-14T18:10:03.009+0000] {taskinstance.py:340} INFO - ::group::Post task execution logs
[2025-02-14T18:10:03.010+0000] {taskinstance.py:352} INFO - Marking task as SUCCESS. dag_id=web_to_snowflake, task_id=process_one_file, run_id=manual__2025-02-14T18:07:47.799654+00:00, execution_date=20250214T180747, start_date=20250214T180958, end_date=20250214T181003
[2025-02-14T18:10:03.090+0000] {local_task_job_runner.py:266} INFO - Task exited with return code 0
[2025-02-14T18:10:03.180+0000] {taskinstance.py:3895} INFO - 1 downstream tasks scheduled from follow-on schedule check
[2025-02-14T18:10:03.182+0000] {local_task_job_runner.py:245} INFO - ::endgroup::
